<?xml version="1.0" encoding="UTF-8"?>
<!-- Generated by org.testng.reporters.JUnitReportReporter -->
<testsuite hostname="Apples-MacBook-Air.local" failures="0" tests="1" name="tests.testSoapXml" time="3.509" errors="0" timestamp="2022-01-12T23:35:22 IST" skipped="0">
  <testcase classname="tests.testSoapXml" name="SOAPXMLRequest" time="3.509"/>
  <system-out/>
</testsuite> <!-- tests.testSoapXml -->
