<?xml version="1.0" encoding="UTF-8"?>
<!-- Generated by org.testng.reporters.JUnitReportReporter -->
<testsuite hostname="Apples-MacBook-Air.local" failures="0" tests="1" name="Test01_Get" time="3.320" errors="0" timestamp="2022-01-06T19:42:56 IST" skipped="0">
  <testcase classname="Test01_Get" name="Test01" time="3.320"/>
  <system-out/>
</testsuite> <!-- Test01_Get -->
