<?xml version="1.0" encoding="UTF-8"?>
<!-- Generated by org.testng.reporters.JUnitReportReporter -->
<testsuite hostname="Apples-MacBook-Air.local" failures="0" tests="1" name="tests.TestGetandPost" time="2.566" errors="0" timestamp="2022-01-06T23:18:44 IST" skipped="0">
  <testcase classname="tests.TestGetandPost" name="testPostComplex" time="2.566"/>
  <system-out/>
</testsuite> <!-- tests.TestGetandPost -->
