<?xml version="1.0" encoding="UTF-8"?>
<!-- Generated by org.testng.reporters.JUnitReportReporter -->
<testsuite hostname="Apples-MacBook-Air.local" failures="0" tests="1" name="tests.TestJSONSchemaValidation" time="3.756" errors="0" timestamp="2022-01-08T21:32:58 IST" skipped="0">
  <testcase classname="tests.TestJSONSchemaValidation" name="testValidateJSONSchemaWithJSON" time="3.756"/>
  <system-out/>
</testsuite> <!-- tests.TestJSONSchemaValidation -->
