<?xml version="1.0" encoding="UTF-8"?>
<!-- Generated by org.testng.reporters.JUnitReportReporter -->
<testsuite hostname="Apples-MacBook-Air.local" failures="0" tests="3" name="tests.TestPutPatchDelete" time="4.543" errors="0" timestamp="2022-01-08T12:44:47 IST" skipped="0">
  <testcase classname="tests.TestPutPatchDelete" name="testPut" time="0.398"/>
  <system-out/>
  <testcase classname="tests.TestPutPatchDelete" name="testPatch" time="0.669"/>
  <system-out/>
  <testcase classname="tests.TestPutPatchDelete" name="testDelete" time="3.476"/>
  <system-out/>
</testsuite> <!-- tests.TestPutPatchDelete -->
