<?xml version="1.0" encoding="UTF-8"?>
<!-- Generated by org.testng.reporters.JUnitReportReporter -->
<testsuite hostname="Apples-MacBook-Air.local" failures="0" tests="1" name="tests.TestGetandPost" time="3.849" errors="0" timestamp="2022-01-13T10:09:08 IST" skipped="0">
  <testcase classname="tests.TestGetandPost" name="testPostComplex" time="3.849"/>
  <system-out/>
</testsuite> <!-- tests.TestGetandPost -->
