<?xml version="1.0" encoding="UTF-8"?>
<!-- Generated by org.testng.reporters.JUnitReportReporter -->
<testsuite hostname="Apples-MacBook-Air.local" failures="0" tests="3" name="tests.TestPutPatchDelete" time="2.098" errors="0" timestamp="2022-01-13T10:09:08 IST" skipped="0">
  <testcase classname="tests.TestPutPatchDelete" name="testDelete" time="0.704"/>
  <system-out/>
  <testcase classname="tests.TestPutPatchDelete" name="testPut" time="0.624"/>
  <system-out/>
  <testcase classname="tests.TestPutPatchDelete" name="testPatch" time="0.770"/>
  <system-out/>
</testsuite> <!-- tests.TestPutPatchDelete -->
